<?xml version="1.0" encoding="UTF-8"?>
<robot generator="Robot 4.1 (Python 3.7.5 on linux)" generated="20210820 01:14:40.245" rpa="false" schemaversion="2">
<suite id="s1" name="Robot Scratchpad" source="/home/arima/.vscode/extensions/robocorp.robotframework-lsp-0.21.0/src/robotframework_ls/vendored/robotframework_interactive/robot_scratchpad.robot">
<test id="s1-t1" name="Default Task/Test">
<kw name="Interpreter Main Loop" library="MainLoop">
<status status="PASS" starttime="20210820 01:14:40.271" endtime="20210820 01:14:46.361"/>
</kw>
<status status="PASS" starttime="20210820 01:14:40.271" endtime="20210820 01:14:46.362"/>
</test>
<status status="PASS" starttime="20210820 01:14:40.246" endtime="20210820 01:14:46.364"/>
</suite>
<statistics>
<total>
<stat pass="1" fail="0" skip="0">All Tests</stat>
</total>
<tag>
</tag>
<suite>
<stat pass="1" fail="0" skip="0" id="s1" name="Robot Scratchpad">Robot Scratchpad</stat>
</suite>
</statistics>
<errors>
</errors>
</robot>
